-------------------------------------------------------------------------------
Test set: CourierCreationTests
-------------------------------------------------------------------------------
Tests run: 2, Failures: 1, Errors: 0, Skipped: 0, Time elapsed: 11.757 s <<< FAILURE! - in CourierCreationTests
isCreateCourierWithSameLoginForbiddenAndReturnsStatusCode409AndErrorMessageTest(CourierCreationTests)  Time elapsed: 8.312 s  <<< FAILURE!
java.lang.AssertionError: 
1 expectation failed.
JSON path message doesn't match.
Expected: Этот логин уже используется
  Actual: Этот логин уже используется. Попробуйте другой.

	at CourierCreationTests.isCreateCourierWithSameLoginForbiddenAndReturnsStatusCode409AndErrorMessageTest(CourierCreationTests.java:34)

