-------------------------------------------------------------------------------
Test set: CourierCreationTests
-------------------------------------------------------------------------------
Tests run: 4, Failures: 1, Errors: 0, Skipped: 0, Time elapsed: 17.719 s <<< FAILURE! - in CourierCreationTests
isCreateCourierWithSameLoginForbiddenAndReturnsErrorMessageTest(CourierCreationTests)  Time elapsed: 3.702 s  <<< FAILURE!
java.lang.AssertionError: 
1 expectation failed.
JSON path message doesn't match.
Expected: Этот логин уже используется
  Actual: Этот логин уже используется. Попробуйте другой.

	at CourierCreationTests.isCreateCourierWithSameLoginForbiddenAndReturnsErrorMessageTest(CourierCreationTests.java:51)

