<?xml version="1.0" encoding="UTF-8"?>
<testsuite xmlns:xsi="http://www.w3.org/2001/XMLSchema-instance" xsi:noNamespaceSchemaLocation="https://maven.apache.org/surefire/maven-surefire-plugin/xsd/surefire-test-report.xsd" name="CourierLoginNegativeTest" time="1.856" tests="2" errors="0" skipped="0" failures="0">
  <properties>
[...]
</properties>
  <testcase name="isLoginWithoutPartLoginDataForbiddenAndReturnsExpectedStatusCodeAndErrorMessageTest[Тестовые данные:,SomePassword]" classname="CourierLoginNegativeTest" time="0.75"/>
  <testcase name="isLoginWithoutPartLoginDataForbiddenAndReturnsExpectedStatusCodeAndErrorMessageTest[Тестовые данные:SomeLogin,]" classname="CourierLoginNegativeTest" time="0.739"/>
</testsuite>